<?xml version="1.0" encoding="UTF-8"?>
<!-- Generated by org.testng.reporters.JUnitReportReporter -->
<testsuite ignored="0" hostname="Vishwas" failures="0" tests="2" name="Maven_project.Maven_Artifactid_subtype.AppiumTest" time="0.005" errors="0" timestamp="20 Apr 2022 16:49:05 GMT" skipped="0">
  <testcase classname="Maven_project.Maven_Artifactid_subtype.AppiumTest" name="mobileUI" time="0.000"/>
  <testcase classname="Maven_project.Maven_Artifactid_subtype.AppiumTest" name="mobileTesting" time="0.005"/>
</testsuite> <!-- Maven_project.Maven_Artifactid_subtype.AppiumTest -->
