<?xml version="1.0" encoding="UTF-8"?>
<!-- Generated by org.testng.reporters.JUnitReportReporter -->
<testsuite ignored="0" hostname="Vishwas" failures="0" tests="2" name="Maven_project.Maven_Artifactid_subtype.RestAPITest" time="0.000" errors="0" timestamp="20 Apr 2022 17:53:55 GMT" skipped="0">
  <testcase classname="Maven_project.Maven_Artifactid_subtype.RestAPITest" name="RestSwiggy" time="0.000"/>
  <testcase classname="Maven_project.Maven_Artifactid_subtype.RestAPITest" name="RestZomato" time="0.000"/>
</testsuite> <!-- Maven_project.Maven_Artifactid_subtype.RestAPITest -->
