<?xml version="1.0" encoding="UTF-8"?>
<!-- Generated by org.testng.reporters.JUnitReportReporter -->
<testsuite hostname="Vishwas" failures="0" tests="1" name="CucumberOptions.TestNgTestRunner" time="0.038" errors="0" timestamp="2022-05-20T13:15:54 IST" skipped="0">
  <testcase classname="CucumberOptions.TestNgTestRunner" name="runScenario" time="0.038"/>
  <system-out/>
</testsuite> <!-- CucumberOptions.TestNgTestRunner -->
