<?xml version="1.0" encoding="UTF-8"?>
<!-- Generated by org.testng.reporters.JUnitReportReporter -->
<testsuite hostname="Vishwas" failures="0" tests="1" name="Test.Loan" time="0.005" errors="0" timestamp="2022-04-15T17:28:00 IST" skipped="0">
  <testcase classname="Test.Loan" name="Secondtest" time="0.005"/>
  <system-out/>
</testsuite> <!-- Test.Loan -->
