<?xml version="1.0" encoding="UTF-8"?>
<!-- Generated by org.testng.reporters.JUnitReportReporter -->
<testsuite hostname="Vishwas" failures="0" tests="5" name="Test.Enabled" time="0.007" errors="0" timestamp="2022-04-15T17:29:41 IST" skipped="1">
  <testcase classname="Test.Enabled" name="bike" time="0.005"/>
  <system-out/>
  <testcase classname="Test.Enabled" name="dependent" time="0.001"/>
  <system-out/>
  <testcase classname="Test.Enabled" name="car" time="0.001"/>
  <system-out/>
  <testcase classname="Test.Enabled" name="demo1" time="0.000"/>
  <system-out/>
  <testcase classname="Test.Enabled" name="Secondtest1">
    <skipped/>
  </testcase> <!-- Secondtest1 -->
  <system-out/>
</testsuite> <!-- Test.Enabled -->
