<?xml version="1.0" encoding="UTF-8"?>
<!-- Generated by org.testng.reporters.JUnitReportReporter -->
<testsuite hostname="Vishwas" failures="0" tests="2" name="Test.Types" time="0.006" errors="0" timestamp="2022-04-15T17:28:20 IST" skipped="0">
  <testcase classname="Test.Types" name="Carloan" time="0.005"/>
  <system-out/>
  <testcase classname="Test.Types" name="Homeloan" time="0.001"/>
  <system-out/>
</testsuite> <!-- Test.Types -->
