<?xml version="1.0" encoding="UTF-8"?>
<!-- Generated by org.testng.reporters.JUnitReportReporter -->
<testsuite hostname="Vishwas" failures="0" tests="5" name="Test.CarLoan" time="0.005" errors="0" timestamp="2022-04-15T17:28:06 IST" skipped="0">
  <testcase classname="Test.CarLoan" name="mobilelogocar" time="0.001"/>
  <system-out/>
  <testcase classname="Test.CarLoan" name="ApiLogincar" time="0.001"/>
  <system-out/>
  <testcase classname="Test.CarLoan" name="mobileUIcar" time="0.001"/>
  <system-out/>
  <testcase classname="Test.CarLoan" name="mobileLogincar" time="0.001"/>
  <system-out/>
  <testcase classname="Test.CarLoan" name="webLogincar" time="0.001"/>
  <system-out/>
</testsuite> <!-- Test.CarLoan -->
