<?xml version="1.0" encoding="UTF-8"?>
<!-- Generated by org.testng.reporters.JUnitReportReporter -->
<testsuite hostname="Vishwas" failures="0" tests="11" name="Test.Day3" time="0.008" errors="0" timestamp="2022-04-14T16:36:11 IST" skipped="0">
  <testcase classname="Test.Day3" name="mobilelogo" time="0.001"/>
  <system-out/>
  <testcase classname="Test.Day3" name="mobileUI" time="0.000"/>
  <system-out/>
  <testcase classname="Test.Day3" name="mobilelogo" time="0.000"/>
  <system-out/>
  <testcase classname="Test.Day3" name="ApiLogincar" time="0.001"/>
  <system-out/>
  <testcase classname="Test.Day3" name="ApiLogincar" time="0.001"/>
  <system-out/>
  <testcase classname="Test.Day3" name="webLogincar" time="0.001"/>
  <system-out/>
  <testcase classname="Test.Day3" name="mobileUI" time="0.001"/>
  <system-out/>
  <testcase classname="Test.Day3" name="webLogincar" time="0.001"/>
  <system-out/>
  <testcase classname="Test.Day3" name="ApiLogincar" time="0.002"/>
  <system-out/>
  <testcase classname="Test.Day3" name="webLogincar" time="0.000"/>
  <system-out/>
  <testcase classname="Test.Day3" name="mobileLogincar" time="0.000"/>
  <system-out/>
</testsuite> <!-- Test.Day3 -->
