<?xml version="1.0" encoding="UTF-8"?>
<!-- Generated by org.testng.reporters.JUnitReportReporter -->
<testsuite hostname="Vishwas" failures="0" tests="5" name="Test.dependsOnMethods" time="0.003" errors="0" timestamp="2022-04-15T17:25:51 IST" skipped="0">
  <testcase classname="Test.dependsOnMethods" name="Secondtest1" time="0.000"/>
  <system-out/>
  <testcase classname="Test.dependsOnMethods" name="dependent" time="0.001"/>
  <system-out/>
  <testcase classname="Test.dependsOnMethods" name="bike" time="0.000"/>
  <system-out/>
  <testcase classname="Test.dependsOnMethods" name="demo1" time="0.001"/>
  <system-out/>
  <testcase classname="Test.dependsOnMethods" name="car" time="0.001"/>
  <system-out/>
</testsuite> <!-- Test.dependsOnMethods -->
