<?xml version="1.0" encoding="UTF-8"?>
<!-- Generated by org.testng.reporters.JUnitReportReporter -->
<testsuite hostname="Vishwas" failures="0" tests="2" name="Test.Day1" time="0.002" errors="0" timestamp="2022-04-14T16:40:13 IST" skipped="0">
  <testcase classname="Test.Day1" name="demo" time="0.001"/>
  <system-out/>
  <testcase classname="Test.Day1" name="Secondtest" time="0.001"/>
  <system-out/>
</testsuite> <!-- Test.Day1 -->
