<?xml version="1.0" encoding="UTF-8"?>
<!-- Generated by org.testng.reporters.JUnitReportReporter -->
<testsuite hostname="Vishwas" failures="0" tests="3" name="Test.Repayment" time="0.002" errors="0" timestamp="2022-04-15T17:28:20 IST" skipped="0">
  <testcase classname="Test.Repayment" name="method1" time="0.001"/>
  <system-out/>
  <testcase classname="Test.Repayment" name="method2" time="0.000"/>
  <system-out/>
  <testcase classname="Test.Repayment" name="method" time="0.001"/>
  <system-out/>
</testsuite> <!-- Test.Repayment -->
