<?xml version="1.0" encoding="UTF-8"?>
<!-- Generated by org.testng.reporters.JUnitReportReporter -->
<testsuite hostname="Vishwas" failures="0" tests="5" name="Test.HomeLoan" time="0.007" errors="0" timestamp="2022-04-15T17:28:11 IST" skipped="0">
  <testcase classname="Test.HomeLoan" name="ApiLoginHome" time="0.004"/>
  <system-out/>
  <testcase classname="Test.HomeLoan" name="ApiLoginHome" time="0.002"/>
  <system-out/>
  <testcase classname="Test.HomeLoan" name="ApiLoginHome" time="0.000"/>
  <system-out/>
  <testcase classname="Test.HomeLoan" name="mobileLoginHome" time="0.000"/>
  <system-out/>
  <testcase classname="Test.HomeLoan" name="webLoginHome" time="0.001"/>
  <system-out/>
</testsuite> <!-- Test.HomeLoan -->
