<?xml version="1.0" encoding="UTF-8"?>
<!-- Generated by org.testng.reporters.JUnitReportReporter -->
<testsuite hostname="Vishwas" failures="0" tests="3" name="Test.Day4" time="0.000" errors="0" timestamp="2022-04-14T16:31:51 IST" skipped="0">
  <testcase classname="Test.Day4" name="ApiLoginHome" time="0.000"/>
  <system-out/>
  <testcase classname="Test.Day4" name="mobileLoginHome" time="0.000"/>
  <system-out/>
  <testcase classname="Test.Day4" name="webLoginHome" time="0.000"/>
  <system-out/>
</testsuite> <!-- Test.Day4 -->
