<?xml version="1.0" encoding="UTF-8"?>
<!-- Generated by org.testng.reporters.JUnitReportReporter -->
<testsuite hostname="Vishwas" failures="0" tests="3" name="Test.timeout" time="0.007" errors="0" timestamp="2022-04-15T17:25:51 IST" skipped="0">
  <testcase classname="Test.timeout" name="car" time="0.001"/>
  <system-out/>
  <testcase classname="Test.timeout" name="bike" time="0.001"/>
  <system-out/>
  <testcase classname="Test.timeout" name="dependent" time="0.005"/>
  <system-out/>
</testsuite> <!-- Test.timeout -->
