<?xml version="1.0" encoding="UTF-8"?>
<!-- Generated by org.testng.reporters.JUnitReportReporter -->
<testsuite hostname="Vishwas" failures="0" tests="2" name="Test.Day2" time="0.001" errors="0" timestamp="2022-04-14T16:41:10 IST" skipped="0">
  <testcase classname="Test.Day2" name="Homeloan" time="0.001"/>
  <system-out/>
  <testcase classname="Test.Day2" name="Carloan" time="0.000"/>
  <system-out/>
</testsuite> <!-- Test.Day2 -->
