<?xml version="1.0" encoding="UTF-8"?>
<!-- Generated by org.testng.reporters.JUnitReportReporter -->
<testsuite hostname="Vishwas" failures="0" tests="1" name="genericCodeAMAZON.lambdatest" time="4.997" errors="0" timestamp="2022-02-17T22:12:46 IST" skipped="0">
  <testcase classname="genericCodeAMAZON.lambdatest" name="testScript" time="4.997"/>
  <system-out/>
</testsuite> <!-- genericCodeAMAZON.lambdatest -->
