<?xml version="1.0" encoding="UTF-8"?>
<!-- Generated by org.testng.reporters.JUnitReportReporter -->
<testsuite hostname="Vishwas" failures="0" tests="1" name="RelativeLocators.LeftRL" time="1.732" errors="0" timestamp="2022-03-24T17:00:12 IST" skipped="0">
  <testcase classname="RelativeLocators.LeftRL" name="Left" time="1.732"/>
  <system-out/>
</testsuite> <!-- RelativeLocators.LeftRL -->
