<?xml version="1.0" encoding="UTF-8"?>
<!-- Generated by org.testng.reporters.JUnitReportReporter -->
<testsuite hostname="Vishwas" failures="0" tests="1" name="RelativeLocators.BelowRl" time="1.577" errors="0" timestamp="2022-03-23T16:49:00 IST" skipped="0">
  <testcase classname="RelativeLocators.BelowRl" name="belowRl" time="1.577"/>
  <system-out/>
</testsuite> <!-- RelativeLocators.BelowRl -->
