<?xml version="1.0" encoding="UTF-8"?>
<!-- Generated by org.testng.reporters.JUnitReportReporter -->
<testsuite hostname="Vishwas" failures="0" tests="1" name="Java.Stream.WebElement.FilterWithSendkeys" time="7.294" errors="0" timestamp="2022-03-23T12:34:45 IST" skipped="0">
  <testcase classname="Java.Stream.WebElement.FilterWithSendkeys" name="Filter" time="7.294"/>
  <system-out/>
</testsuite> <!-- Java.Stream.WebElement.FilterWithSendkeys -->
