<?xml version="1.0" encoding="UTF-8"?>
<!-- Generated by org.testng.reporters.JUnitReportReporter -->
<testsuite hostname="Vishwas" failures="0" tests="1" name="Java.Stream.WebElement.CompaitingTableList" time="9.871" errors="0" timestamp="2022-03-21T18:15:18 IST" skipped="0">
  <testcase classname="Java.Stream.WebElement.CompaitingTableList" name="Compairing" time="9.871"/>
  <system-out/>
</testsuite> <!-- Java.Stream.WebElement.CompaitingTableList -->
