<?xml version="1.0" encoding="UTF-8"?>
<!-- Generated by org.testng.reporters.JUnitReportReporter -->
<testsuite hostname="Vishwas" failures="0" tests="1" name="Java.Stream.DirectlyintoSTREAM" time="0.010" errors="0" timestamp="2022-03-26T21:48:14 IST" skipped="0">
  <testcase classname="Java.Stream.DirectlyintoSTREAM" name="StreamFilter" time="0.010"/>
  <system-out/>
</testsuite> <!-- Java.Stream.DirectlyintoSTREAM -->
