<?xml version="1.0" encoding="UTF-8"?>
<!-- Generated by org.testng.reporters.JUnitReportReporter -->
<testsuite hostname="Vishwas" failures="0" tests="1" name="Java.Stream.MAPtoModifySTATEMENT" time="0.007" errors="0" timestamp="2022-03-20T22:13:05 IST" skipped="0">
  <testcase classname="Java.Stream.MAPtoModifySTATEMENT" name="Map" time="0.007"/>
  <system-out/>
</testsuite> <!-- Java.Stream.MAPtoModifySTATEMENT -->
