<?xml version="1.0" encoding="UTF-8"?>
<!-- Generated by org.testng.reporters.JUnitReportReporter -->
<testsuite hostname="Vishwas" failures="0" tests="1" name="Java.Stream.ConcatinationARRAY" time="0.007" errors="0" timestamp="2022-03-20T22:12:28 IST" skipped="0">
  <testcase classname="Java.Stream.ConcatinationARRAY" name="Boolean" time="0.007"/>
  <system-out/>
</testsuite> <!-- Java.Stream.ConcatinationARRAY -->
