<?xml version="1.0" encoding="UTF-8"?>
<!-- Generated by org.testng.reporters.JUnitReportReporter -->
<testsuite hostname="Vishwas" failures="0" tests="3" name="Java.Stream.Above4CharPrinting" time="0.010" errors="0" timestamp="2022-03-19T19:37:47 IST" skipped="0">
  <testcase classname="Java.Stream.Above4CharPrinting" name="Above4withLIMIT" time="0.006"/>
  <system-out/>
  <testcase classname="Java.Stream.Above4CharPrinting" name="Map" time="0.002"/>
  <system-out/>
  <testcase classname="Java.Stream.Above4CharPrinting" name="Morethan4Length" time="0.002"/>
  <system-out/>
</testsuite> <!-- Java.Stream.Above4CharPrinting -->
