<?xml version="1.0" encoding="UTF-8"?>
<!-- Generated by org.testng.reporters.JUnitReportReporter -->
<testsuite hostname="Vishwas" failures="0" tests="1" name="Java.Stream.WebElement.PrintingTHEprice" time="1.950" errors="0" timestamp="2022-03-23T11:55:37 IST" skipped="0">
  <testcase classname="Java.Stream.WebElement.PrintingTHEprice" name="getprice" time="1.950"/>
  <system-out/>
</testsuite> <!-- Java.Stream.WebElement.PrintingTHEprice -->
