<?xml version="1.0" encoding="UTF-8"?>
<!-- Generated by org.testng.reporters.JUnitReportReporter -->
<testsuite hostname="Vishwas" failures="0" tests="2" name="Java.Stream.PrintWITHlastNAME" time="0.009" errors="0" timestamp="2022-03-20T21:13:29 IST" skipped="0">
  <testcase classname="Java.Stream.PrintWITHlastNAME" name="printWithLastName" time="0.002"/>
  <system-out/>
  <testcase classname="Java.Stream.PrintWITHlastNAME" name="ArrayList" time="0.007"/>
  <system-out/>
</testsuite> <!-- Java.Stream.PrintWITHlastNAME -->
