<?xml version="1.0" encoding="UTF-8"?>
<!-- Generated by org.testng.reporters.JUnitReportReporter -->
<testsuite hostname="Vishwas" failures="0" tests="2" name="Java.Stream.IntegerDISTINCTsorted" time="0.009" errors="0" timestamp="2022-03-26T21:52:59 IST" skipped="0">
  <testcase classname="Java.Stream.IntegerDISTINCTsorted" name="Distinct" time="0.007"/>
  <system-out/>
  <testcase classname="Java.Stream.IntegerDISTINCTsorted" name="PrintIndexing" time="0.002"/>
  <system-out/>
</testsuite> <!-- Java.Stream.IntegerDISTINCTsorted -->
