<?xml version="1.0" encoding="UTF-8"?>
<!-- Generated by org.testng.reporters.JUnitReportReporter -->
<testsuite hostname="Vishwas" failures="0" tests="1" name="RelativeLocators.AboveRL" time="1.760" errors="0" timestamp="2022-03-23T16:53:30 IST" skipped="0">
  <testcase classname="RelativeLocators.AboveRL" name="Relative" time="1.760"/>
  <system-out/>
</testsuite> <!-- RelativeLocators.AboveRL -->
