<?xml version="1.0" encoding="UTF-8"?>
<!-- Generated by org.testng.reporters.JUnitReportReporter -->
<testsuite hostname="Vishwas" failures="0" tests="1" name="RelativeLocators.RightRL" time="5.943" errors="0" timestamp="2022-03-26T21:44:46 IST" skipped="0">
  <testcase classname="RelativeLocators.RightRL" name="RightReletive" time="5.943"/>
  <system-out/>
</testsuite> <!-- RelativeLocators.RightRL -->
