<?xml version="1.0" encoding="UTF-8"?>
<!-- Generated by org.testng.reporters.JUnitReportReporter -->
<testsuite hostname="Vishwas" failures="0" tests="1" name="GetWindowHandles.GetWindowHandles" time="43.709" errors="0" timestamp="2022-04-11T12:35:42 IST" skipped="0">
  <testcase classname="GetWindowHandles.GetWindowHandles" name="Windowhandles" time="43.709"/>
  <system-out/>
</testsuite> <!-- GetWindowHandles.GetWindowHandles -->
