<?xml version="1.0" encoding="UTF-8"?>
<!-- Generated by org.testng.reporters.JUnitReportReporter -->
<testsuite hostname="Vishwas" failures="0" tests="7" name="TestClasses.Flipkart" time="6.578" errors="0" timestamp="2022-05-29T14:39:10 IST" skipped="0">
  <testcase classname="TestClasses.Flipkart" name="productsearching" time="0.676"/>
  <system-out/>
  <testcase classname="TestClasses.Flipkart" name="productsearching" time="0.294"/>
  <system-out/>
  <testcase classname="TestClasses.Flipkart" name="productsearching" time="0.323"/>
  <system-out/>
  <testcase classname="TestClasses.Flipkart" name="login" time="3.370"/>
  <system-out/>
  <testcase classname="TestClasses.Flipkart" name="productsearching" time="0.277"/>
  <system-out/>
  <testcase classname="TestClasses.Flipkart" name="productsearching" time="0.889"/>
  <system-out/>
  <testcase classname="TestClasses.Flipkart" name="productsearching" time="0.749"/>
  <system-out/>
</testsuite> <!-- TestClasses.Flipkart -->
