<?xml version="1.0" encoding="UTF-8"?>
<!-- Generated by org.testng.reporters.JUnitReportReporter -->
<testsuite hostname="Vishwas" failures="0" tests="1" name="ExtentSparkReporter.Extent_Report.Assignment" time="59.255" errors="0" timestamp="2022-05-29T15:01:49 IST" skipped="0">
  <testcase classname="ExtentSparkReporter.Extent_Report.Assignment" name="Assignmentmethod" time="59.255"/>
  <system-out/>
</testsuite> <!-- ExtentSparkReporter.Extent_Report.Assignment -->
