<?xml version="1.0" encoding="UTF-8"?>
<!-- Generated by org.testng.reporters.JUnitReportReporter -->
<testsuite ignored="0" hostname="Vishwas" failures="0" tests="2" name="Maven_project.Maven_Artifactid_subtype.RestAPITest" time="0.003" errors="0" timestamp="29 May 2022 11:59:50 GMT" skipped="0">
  <testcase classname="Maven_project.Maven_Artifactid_subtype.RestAPITest" name="RestZomato" time="0.002"/>
  <testcase classname="Maven_project.Maven_Artifactid_subtype.RestAPITest" name="RestSwiggy" time="0.001"/>
</testsuite> <!-- Maven_project.Maven_Artifactid_subtype.RestAPITest -->
