<?xml version="1.0" encoding="UTF-8"?>
<!-- Generated by org.testng.reporters.JUnitReportReporter -->
<testsuite ignored="0" hostname="Vishwas" failures="0" tests="2" name="Maven_project.Maven_Artifactid_subtype.AppiumTest" time="0.001" errors="0" timestamp="29 May 2022 11:59:50 GMT" skipped="0">
  <testcase classname="Maven_project.Maven_Artifactid_subtype.AppiumTest" name="mobileTesting" time="0.001"/>
  <testcase classname="Maven_project.Maven_Artifactid_subtype.AppiumTest" name="mobileUI" time="0.000"/>
</testsuite> <!-- Maven_project.Maven_Artifactid_subtype.AppiumTest -->
